z = x + y;
25.5
x
10
y
15.5
"10 + 15.5 = 25.5"
"10 + 15.5 = 25.5"
console.log("x + y = z")
VM2983:1 x + y = z
undefined
console.log(x + " + y = " + z)
VM3019:1 10 + y = 25.5
undefined
console.log(x + " + " + y + " = " + z)
VM3084:1 10 + 15.5 = 25.5
undefined
m=_b,_tp:327 POST https://play.google.com/log?format=json&hasfast=true net::ERR_BLOCKED_BY_CLIENT
_.Il.send @ m=_b,_tp:327
_.Ml @ m=_b,_tp:325
_.iE @ m=n73qwf,ws9Tlc,IZT63,e5qFLc,GkRiKb,UUJqVe,xUdipf,blwjVc,fKUV3e,aurFic,COQbmf,U0aPgd,ZwDk9d,V3dDOb,mI3LFb,O6y8ed,NpD4ec,PrPYRd,iWP1Yb,MpJwZc,NwH0H,OmgaI,HLo3Ef,x60fie,xiqEse,lazG7b,XVMNvd,L1AAkb,KUM7Z,rE6Mgd,lKZxSd,s39S4,lwddkf,gychg,w9hDv,RMhBfe,mdR7q,SdcwHb,aW3pY,YLQSd,PQaYAf,pw70Gc,EFQ78c,Ulmmrd,ZfAoz,MI6k7c,kjKdXe,CBlRxf,MdUzUe,xQtZb,lPKSwe,QIhFr,JNoxi,hKSk3e,pB6Zqd,rHjpXd,yDVVkb,SF3gsd,iTsyac,hc6Ubd,KG2eXe,SpsfSb,tfTN8c,o02Jie,VwDzFe,zbML3c,HDvRde,Uas9Hd,BVgquf,A7fCU,tn2Ukb,UgAtXe,aDfbSd,yA4AGd,pjICDe:518
_.FE.flush @ m=n73qwf,ws9Tlc,IZT63,e5qFLc,GkRiKb,UUJqVe,xUdipf,blwjVc,fKUV3e,aurFic,COQbmf,U0aPgd,ZwDk9d,V3dDOb,mI3LFb,O6y8ed,NpD4ec,PrPYRd,iWP1Yb,MpJwZc,NwH0H,OmgaI,HLo3Ef,x60fie,xiqEse,lazG7b,XVMNvd,L1AAkb,KUM7Z,rE6Mgd,lKZxSd,s39S4,lwddkf,gychg,w9hDv,RMhBfe,mdR7q,SdcwHb,aW3pY,YLQSd,PQaYAf,pw70Gc,EFQ78c,Ulmmrd,ZfAoz,MI6k7c,kjKdXe,CBlRxf,MdUzUe,xQtZb,lPKSwe,QIhFr,JNoxi,hKSk3e,pB6Zqd,rHjpXd,yDVVkb,SF3gsd,iTsyac,hc6Ubd,KG2eXe,SpsfSb,tfTN8c,o02Jie,VwDzFe,zbML3c,HDvRde,Uas9Hd,BVgquf,A7fCU,tn2Ukb,UgAtXe,aDfbSd,yA4AGd,pjICDe:543
(anonymous) @ m=n73qwf,ws9Tlc,IZT63,e5qFLc,GkRiKb,UUJqVe,xUdipf,blwjVc,fKUV3e,aurFic,COQbmf,U0aPgd,ZwDk9d,V3dDOb,mI3LFb,O6y8ed,NpD4ec,PrPYRd,iWP1Yb,MpJwZc,NwH0H,OmgaI,HLo3Ef,x60fie,xiqEse,lazG7b,XVMNvd,L1AAkb,KUM7Z,rE6Mgd,lKZxSd,s39S4,lwddkf,gychg,w9hDv,RMhBfe,mdR7q,SdcwHb,aW3pY,YLQSd,PQaYAf,pw70Gc,EFQ78c,Ulmmrd,ZfAoz,MI6k7c,kjKdXe,CBlRxf,MdUzUe,xQtZb,lPKSwe,QIhFr,JNoxi,hKSk3e,pB6Zqd,rHjpXd,yDVVkb,SF3gsd,iTsyac,hc6Ubd,KG2eXe,SpsfSb,tfTN8c,o02Jie,VwDzFe,zbML3c,HDvRde,Uas9Hd,BVgquf,A7fCU,tn2Ukb,UgAtXe,aDfbSd,yA4AGd,pjICDe:1242
e.j @ m=_b,_tp:135
zg @ m=_b,_tp:138
vg @ m=_b,_tp:138
_.gg.$j @ m=_b,_tp:138
eg @ m=_b,_tp:130
Promise.then (async)
$f @ m=_b,_tp:130
dg @ m=_b,_tp:130
wg @ m=_b,_tp:137
qg @ m=_b,_tp:135
pg @ m=_b,_tp:136
_.gg.then @ m=_b,_tp:134
_.OF @ m=n73qwf,ws9Tlc,IZT63,e5qFLc,GkRiKb,UUJqVe,xUdipf,blwjVc,fKUV3e,aurFic,COQbmf,U0aPgd,ZwDk9d,V3dDOb,mI3LFb,O6y8ed,NpD4ec,PrPYRd,iWP1Yb,MpJwZc,NwH0H,OmgaI,HLo3Ef,x60fie,xiqEse,lazG7b,XVMNvd,L1AAkb,KUM7Z,rE6Mgd,lKZxSd,s39S4,lwddkf,gychg,w9hDv,RMhBfe,mdR7q,SdcwHb,aW3pY,YLQSd,PQaYAf,pw70Gc,EFQ78c,Ulmmrd,ZfAoz,MI6k7c,kjKdXe,CBlRxf,MdUzUe,xQtZb,lPKSwe,QIhFr,JNoxi,hKSk3e,pB6Zqd,rHjpXd,yDVVkb,SF3gsd,iTsyac,hc6Ubd,KG2eXe,SpsfSb,tfTN8c,o02Jie,VwDzFe,zbML3c,HDvRde,Uas9Hd,BVgquf,A7fCU,tn2Ukb,UgAtXe,aDfbSd,yA4AGd,pjICDe:1241
TI @ m=Wt6vjf,_latency,FCpbqb,WhJNk:27
c @ m=_b,_tp:433
setTimeout (async)
Nb.c.<computed> @ m=_b,_tp:435
TI @ m=Wt6vjf,_latency,FCpbqb,WhJNk:27
c @ m=_b,_tp:433
console.log(`x + y = z`);
VM3153:1 x + y = z
undefined
console.log(`${x} + ${y} = ${z}`);
VM3172:1 10 + 15.5 = 25.5
undefined
x = 10
10
y = 20;
20
"value of x is 10 and value of y is 20"
"value of x is 10 and value of y is 20"
console.log(`value of x is ${x} and value of y is ${y}`);
VM3369:1 value of x is 10 and value of y is 20
undefined
x = 100
100
console.log(`value of x is ${x} and value of y is ${y}`);
VM3389:1 value of x is 100 and value of y is 20
undefined
